# JRE version: Java(TM) SE Runtime Environment (23.0+37) (build 23+37-2369)
# Java VM: Java HotSpot(TM) 64-Bit Server VM (23+37-2369, mixed mode, sharing, tiered, compressed oops, compressed class ptrs, g1 gc, windows-amd64)
GC Precious Log:
 CardTable entry size: 512
 Card Set container configuration: InlinePtr #cards 4 size 8 Array Of Cards #cards 16 size 48 Howl #buckets 8 coarsen threshold 3686 Howl Bitmap #cards 512 size 80 coarsen threshold 460 Card regions per heap region 1 cards per card region 4096
 CPUs: 12 total, 12 available
 Memory: 15716M
 Large Page Support: Disabled
 NUMA Support: Disabled
 Compressed Oops: Enabled (Zero based)
 Heap Region Size: 2M
 Heap Min Capacity: 8M
 Heap Initial Capacity: 246M
 Heap Max Capacity: 3930M
 Pre-touch: Disabled
 Parallel Workers: 10
 Concurrent Workers: 3
 Concurrent Refinement Workers: 10
 Periodic GC: Disabled
Heap:
 garbage-first heap   total reserved 4024320K, committed 251904K, used 86720K [0x000000070a600000, 0x0000000800000000)
  region size 2048K, 38 young (77824K), 5 survivors (10240K)
 Metaspace       used 16862K, committed 17216K, reserved 1114112K
  class space    used 2147K, committed 2304K, reserved 1048576K
GC Heap History (8 events):
Event: 0.872 GC heap before
{Heap before GC invocations=0 (full 0):
 garbage-first heap   total reserved 4024320K, committed 251904K, used 24576K [0x000000070a600000, 0x0000000800000000)
  region size 2048K, 12 young (24576K), 0 survivors (0K)
 Metaspace       used 5031K, committed 5248K, reserved 1114112K
  class space    used 605K, committed 704K, reserved 1048576K
}
Event: 0.875 GC heap after
{Heap after GC invocations=1 (full 0):
 garbage-first heap   total reserved 4024320K, committed 251904K, used 2847K [0x000000070a600000, 0x0000000800000000)
  region size 2048K, 2 young (4096K), 2 survivors (4096K)
 Metaspace       used 5031K, committed 5248K, reserved 1114112K
  class space    used 605K, committed 704K, reserved 1048576K
}
Event: 1.395 GC heap before
{Heap before GC invocations=1 (full 0):
 garbage-first heap   total reserved 4024320K, committed 251904K, used 25375K [0x000000070a600000, 0x0000000800000000)
  region size 2048K, 14 young (28672K), 2 survivors (4096K)
 Metaspace       used 10969K, committed 11264K, reserved 1114112K
  class space    used 1462K, committed 1600K, reserved 1048576K
}
Event: 1.405 GC heap after
{Heap after GC invocations=2 (full 0):
 garbage-first heap   total reserved 4024320K, committed 251904K, used 6622K [0x000000070a600000, 0x0000000800000000)
  region size 2048K, 2 young (4096K), 2 survivors (4096K)
 Metaspace       used 10969K, committed 11264K, reserved 1114112K
  class space    used 1462K, committed 1600K, reserved 1048576K
}
Event: 2.427 GC heap before
{Heap before GC invocations=2 (full 0):
 garbage-first heap   total reserved 4024320K, committed 251904K, used 61918K [0x000000070a600000, 0x0000000800000000)
  region size 2048K, 29 young (59392K), 2 survivors (4096K)
 Metaspace       used 12103K, committed 12480K, reserved 1114112K
  class space    used 1480K, committed 1664K, reserved 1048576K
}
Event: 2.440 GC heap after
{Heap after GC invocations=3 (full 0):
 garbage-first heap   total reserved 4024320K, committed 251904K, used 12607K [0x000000070a600000, 0x0000000800000000)
  region size 2048K, 4 young (8192K), 4 survivors (8192K)
 Metaspace       used 12103K, committed 12480K, reserved 1114112K
  class space    used 1480K, committed 1664K, reserved 1048576K
}
Event: 3.099 GC heap before
{Heap before GC invocations=3 (full 0):
 garbage-first heap   total reserved 4024320K, committed 251904K, used 71999K [0x000000070a600000, 0x0000000800000000)
  region size 2048K, 33 young (67584K), 4 survivors (8192K)
 Metaspace       used 14800K, committed 15104K, reserved 1114112K
  class space    used 1967K, committed 2112K, reserved 1048576K
}
Event: 3.111 GC heap after
{Heap after GC invocations=4 (full 0):
 garbage-first heap   total reserved 4024320K, committed 251904K, used 19136K [0x000000070a600000, 0x0000000800000000)
  region size 2048K, 5 young (10240K), 5 survivors (10240K)
 Metaspace       used 14800K, committed 15104K, reserved 1114112K
  class space    used 1967K, committed 2112K, reserved 1048576K
}

